<?xml version="1.0" encoding="UTF-8"?>
<!-- Generated by org.testng.reporters.JUnitReportReporter -->
<testsuite skipped="0" hostname="Ashwini-PC" name="qaclickacademy.AppiumTest" tests="2" failures="0" timestamp="24 Apr 2020 03:06:06 GMT" time="0.130" errors="0">
  <testcase name="IOSApps" time="0.119" classname="qaclickacademy.AppiumTest"/>
  <testcase name="NativeAppAndroid" time="0.011" classname="qaclickacademy.AppiumTest"/>
</testsuite> <!-- qaclickacademy.AppiumTest -->
