<?xml version="1.0" encoding="UTF-8"?>
<!-- Generated by org.testng.reporters.JUnitReportReporter -->
<testsuite skipped="0" hostname="Ashwini-PC" name="qaclickacademy.RESTAPITest" tests="2" failures="0" timestamp="24 Apr 2020 03:06:06 GMT" time="0.007" errors="0">
  <testcase name="deleteTwitter" time="0.004" classname="qaclickacademy.RESTAPITest"/>
  <testcase name="postJira" time="0.003" classname="qaclickacademy.RESTAPITest"/>
</testsuite> <!-- qaclickacademy.RESTAPITest -->
