<?xml version="1.0" encoding="UTF-8"?>
<!-- Generated by org.testng.reporters.JUnitReportReporter -->
<testsuite skipped="0" hostname="Ashwini-PC" name="qaclickacademy.Selenium" tests="2" failures="0" timestamp="24 Apr 2020 02:29:10 GMT" time="0.001" errors="0">
  <testcase name="elementsUi" time="0.001" classname="qaclickacademy.Selenium"/>
  <testcase name="BrowserAutomation" time="0.000" classname="qaclickacademy.Selenium"/>
</testsuite> <!-- qaclickacademy.Selenium -->
